michaelhaar@MacBook-Pro Heimdall-Burstable-SES % sam init

You can preselect a particular runtime or package type when using the `sam init` experience.
Call `sam init --help` to learn more.

Which template source would you like to use?
        1 - AWS Quick Start Templates
        2 - Custom Template Location
Choice: 1   

Choose an AWS Quick Start application template
        1 - Hello World Example
        2 - Multi-step workflow
        3 - Serverless API
        4 - Scheduled task
        5 - Standalone function
        6 - Data processing
        7 - Hello World Example With Powertools
        8 - Infrastructure event management
        9 - Serverless Connector Hello World Example
        10 - Multi-step workflow with Connectors
        11 - Lambda EFS example
        12 - DynamoDB Example
        13 - Machine Learning
Template: 1

Use the most popular runtime and package type? (Python and zip) [y/N]: n

Which runtime would you like to use?
        1 - aot.dotnet7 (provided.al2)
        2 - dotnet6
        3 - dotnet5.0
        4 - dotnetcore3.1
        5 - go1.x
        6 - go (provided.al2)
        7 - graalvm.java11 (provided.al2)
        8 - graalvm.java17 (provided.al2)
        9 - java11
        10 - java8.al2
        11 - java8
        12 - nodejs18.x
        13 - nodejs16.x
        14 - nodejs14.x
        15 - nodejs12.x
        16 - python3.9
        17 - python3.8
        18 - python3.7
        19 - python3.10
        20 - ruby2.7
        21 - rust (provided.al2)
Runtime: 12

What package type would you like to use?
        1 - Zip
        2 - Image
Package type: 1

Based on your selections, the only dependency manager available is npm.
We will proceed copying the template using npm.

Select your starter template
        1 - Hello World Example
        2 - Hello World Example TypeScript
Template: 2

Would you like to enable X-Ray tracing on the function(s) in your application?  [y/N]: n

Would you like to enable monitoring using CloudWatch Application Insights?
For more info, please view https://docs.aws.amazon.com/AmazonCloudWatch/latest/monitoring/cloudwatch-application-insights.html [y/N]: 

Project name [sam-app]: Heimdall-Burstable-SES

    -----------------------
    Generating application:
    -----------------------
    Name: Heimdall-Burstable-SES
    Runtime: nodejs18.x
    Architectures: x86_64
    Dependency Manager: npm
    Application Template: hello-world-typescript
    Output Directory: .
    Configuration file: Heimdall-Burstable-SES/samconfig.toml
    
    Next steps can be found in the README file at Heimdall-Burstable-SES/README.md
        

Commands you can use next
=========================
[*] Create pipeline: cd Heimdall-Burstable-SES && sam pipeline init --bootstrap
[*] Validate SAM template: cd Heimdall-Burstable-SES && sam validate
[*] Test Function in the Cloud: cd Heimdall-Burstable-SES && sam sync --stack-name {stack-name} --watch

michaelhaar@MacBook-Pro Heimdall-Burstable-SES % 